# JRE version: OpenJDK Runtime Environment (11.0.11+9) (build 11.0.11+9-b60-7590822)
# Java VM: OpenJDK 64-Bit Server VM (11.0.11+9-b60-7590822, mixed mode, tiered, compressed oops, g1 gc, windows-amd64)
Heap:
 garbage-first heap   total 156672K, used 99687K [0x0000000080000000, 0x0000000100000000)
  region size 1024K, 8 young (8192K), 4 survivors (4096K)
 Metaspace       used 121113K, capacity 124839K, committed 127232K, reserved 1159168K
  class space    used 15347K, capacity 16730K, committed 17152K, reserved 1048576K
GC Heap History (20 events):
Event: 1008.971 GC heap before
{Heap before GC invocations=108 (full 0):
 garbage-first heap   total 156672K, used 121138K [0x0000000080000000, 0x0000000100000000)
  region size 1024K, 29 young (29696K), 1 survivors (1024K)
 Metaspace       used 120742K, capacity 124481K, committed 126464K, reserved 1159168K
  class space    used 15345K, capacity 16727K, committed 17152K, reserved 1048576K
}
Event: 1009.002 GC heap after
{Heap after GC invocations=109 (full 0):
 garbage-first heap   total 156672K, used 96360K [0x0000000080000000, 0x0000000100000000)
  region size 1024K, 4 young (4096K), 4 survivors (4096K)
 Metaspace       used 120742K, capacity 124481K, committed 126464K, reserved 1159168K
  class space    used 15345K, capacity 16727K, committed 17152K, reserved 1048576K
}
Event: 1010.186 GC heap before
{Heap before GC invocations=110 (full 0):
 garbage-first heap   total 156672K, used 125032K [0x0000000080000000, 0x0000000100000000)
  region size 1024K, 31 young (31744K), 4 survivors (4096K)
 Metaspace       used 120848K, capacity 124666K, committed 126464K, reserved 1159168K
  class space    used 15359K, capacity 16767K, committed 17152K, reserved 1048576K
}
Event: 1010.211 GC heap after
{Heap after GC invocations=111 (full 0):
 garbage-first heap   total 156672K, used 103791K [0x0000000080000000, 0x0000000100000000)
  region size 1024K, 4 young (4096K), 4 survivors (4096K)
 Metaspace       used 120848K, capacity 124666K, committed 126464K, reserved 1159168K
  class space    used 15359K, capacity 16767K, committed 17152K, reserved 1048576K
}
Event: 1010.559 GC heap before
{Heap before GC invocations=111 (full 0):
 garbage-first heap   total 156672K, used 106863K [0x0000000080000000, 0x0000000100000000)
  region size 1024K, 7 young (7168K), 4 survivors (4096K)
 Metaspace       used 120853K, capacity 124666K, committed 126464K, reserved 1159168K
  class space    used 15359K, capacity 16767K, committed 17152K, reserved 1048576K
}
Event: 1010.576 GC heap after
{Heap after GC invocations=112 (full 0):
 garbage-first heap   total 156672K, used 97385K [0x0000000080000000, 0x0000000100000000)
  region size 1024K, 1 young (1024K), 1 survivors (1024K)
 Metaspace       used 120853K, capacity 124666K, committed 126464K, reserved 1159168K
  class space    used 15359K, capacity 16767K, committed 17152K, reserved 1048576K
}
Event: 1010.863 GC heap before
{Heap before GC invocations=112 (full 0):
 garbage-first heap   total 156672K, used 116841K [0x0000000080000000, 0x0000000100000000)
  region size 1024K, 22 young (22528K), 1 survivors (1024K)
 Metaspace       used 121999K, capacity 125787K, committed 126464K, reserved 1159168K
  class space    used 15462K, capacity 16863K, committed 17152K, reserved 1048576K
}
Event: 1010.871 GC heap after
{Heap after GC invocations=113 (full 0):
 garbage-first heap   total 156672K, used 101850K [0x0000000080000000, 0x0000000100000000)
  region size 1024K, 4 young (4096K), 4 survivors (4096K)
 Metaspace       used 121999K, capacity 125787K, committed 126464K, reserved 1159168K
  class space    used 15462K, capacity 16863K, committed 17152K, reserved 1048576K
}
Event: 1011.356 GC heap before
{Heap before GC invocations=114 (full 0):
 garbage-first heap   total 156672K, used 126426K [0x0000000080000000, 0x0000000100000000)
  region size 1024K, 27 young (27648K), 4 survivors (4096K)
 Metaspace       used 122931K, capacity 126717K, committed 126976K, reserved 1159168K
  class space    used 15490K, capacity 16895K, committed 17152K, reserved 1048576K
}
Event: 1011.366 GC heap after
{Heap after GC invocations=115 (full 0):
 garbage-first heap   total 156672K, used 103852K [0x0000000080000000, 0x0000000100000000)
  region size 1024K, 3 young (3072K), 3 survivors (3072K)
 Metaspace       used 122931K, capacity 126717K, committed 126976K, reserved 1159168K
  class space    used 15490K, capacity 16895K, committed 17152K, reserved 1048576K
}
Event: 1011.439 GC heap before
{Heap before GC invocations=115 (full 0):
 garbage-first heap   total 156672K, used 107948K [0x0000000080000000, 0x0000000100000000)
  region size 1024K, 7 young (7168K), 3 survivors (3072K)
 Metaspace       used 122941K, capacity 126719K, committed 126976K, reserved 1159168K
  class space    used 15490K, capacity 16895K, committed 17152K, reserved 1048576K
}
Event: 1011.461 GC heap after
{Heap after GC invocations=116 (full 0):
 garbage-first heap   total 156672K, used 103666K [0x0000000080000000, 0x0000000100000000)
  region size 1024K, 1 young (1024K), 1 survivors (1024K)
 Metaspace       used 122941K, capacity 126719K, committed 126976K, reserved 1159168K
  class space    used 15490K, capacity 16895K, committed 17152K, reserved 1048576K
}
Event: 1011.959 GC heap before
{Heap before GC invocations=116 (full 0):
 garbage-first heap   total 156672K, used 125170K [0x0000000080000000, 0x0000000100000000)
  region size 1024K, 23 young (23552K), 1 survivors (1024K)
 Metaspace       used 123041K, capacity 126808K, committed 127232K, reserved 1159168K
  class space    used 15492K, capacity 16898K, committed 17152K, reserved 1048576K
}
Event: 1011.963 GC heap after
{Heap after GC invocations=117 (full 0):
 garbage-first heap   total 156672K, used 103815K [0x0000000080000000, 0x0000000100000000)
  region size 1024K, 1 young (1024K), 1 survivors (1024K)
 Metaspace       used 123041K, capacity 126808K, committed 127232K, reserved 1159168K
  class space    used 15492K, capacity 16898K, committed 17152K, reserved 1048576K
}
Event: 1026.297 GC heap before
{Heap before GC invocations=118 (full 0):
 garbage-first heap   total 156672K, used 134535K [0x0000000080000000, 0x0000000100000000)
  region size 1024K, 24 young (24576K), 1 survivors (1024K)
 Metaspace       used 121003K, capacity 124769K, committed 127232K, reserved 1159168K
  class space    used 15347K, capacity 16730K, committed 17152K, reserved 1048576K
}
Event: 1026.303 GC heap after
{Heap after GC invocations=119 (full 0):
 garbage-first heap   total 156672K, used 105241K [0x0000000080000000, 0x0000000100000000)
  region size 1024K, 3 young (3072K), 3 survivors (3072K)
 Metaspace       used 121003K, capacity 124769K, committed 127232K, reserved 1159168K
  class space    used 15347K, capacity 16730K, committed 17152K, reserved 1048576K
}
Event: 1026.363 GC heap before
{Heap before GC invocations=119 (full 0):
 garbage-first heap   total 156672K, used 109337K [0x0000000080000000, 0x0000000100000000)
  region size 1024K, 7 young (7168K), 3 survivors (3072K)
 Metaspace       used 121014K, capacity 124769K, committed 127232K, reserved 1159168K
  class space    used 15347K, capacity 16730K, committed 17152K, reserved 1048576K
}
Event: 1026.380 GC heap after
{Heap after GC invocations=120 (full 0):
 garbage-first heap   total 156672K, used 92964K [0x0000000080000000, 0x0000000100000000)
  region size 1024K, 1 young (1024K), 1 survivors (1024K)
 Metaspace       used 121014K, capacity 124769K, committed 127232K, reserved 1159168K
  class space    used 15347K, capacity 16730K, committed 17152K, reserved 1048576K
}
Event: 1026.784 GC heap before
{Heap before GC invocations=120 (full 0):
 garbage-first heap   total 156672K, used 121636K [0x0000000080000000, 0x0000000100000000)
  region size 1024K, 30 young (30720K), 1 survivors (1024K)
 Metaspace       used 121112K, capacity 124839K, committed 127232K, reserved 1159168K
  class space    used 15347K, capacity 16730K, committed 17152K, reserved 1048576K
}
Event: 1026.813 GC heap after
{Heap after GC invocations=121 (full 0):
 garbage-first heap   total 156672K, used 96615K [0x0000000080000000, 0x0000000100000000)
  region size 1024K, 4 young (4096K), 4 survivors (4096K)
 Metaspace       used 121112K, capacity 124839K, committed 127232K, reserved 1159168K
  class space    used 15347K, capacity 16730K, committed 17152K, reserved 1048576K
}

